<?xml version="1.0" encoding="UTF-8"?>
<!-- Generated by org.testng.reporters.JUnitXMLReporter -->
<testsuite ignored="0" hostname="REM-LT-221010A" failures="0" tests="3" name="Default test" time="2.922" errors="0" timestamp="2022-10-27T12:12:09 CDT">
  <testcase classname="com.unosquare.requests.PostTest" name="post_test" time="1.975"/>
  <testcase classname="com.unosquare.requests.PostTest" name="post_test_from_file" time="0.464"/>
  <testcase classname="com.unosquare.requests.PostTest" name="post_test_from_file2" time="0.444"/>
</testsuite> <!-- Default test -->
