<?xml version="1.0" encoding="UTF-8"?>
<!-- Generated by org.testng.reporters.JUnitXMLReporter -->
<testsuite ignored="0" hostname="REM-LT-221010A" failures="0" tests="3" name="Default test" time="2.29" errors="0" timestamp="2022-10-25T15:49:10 CDT">
  <testcase classname="com.unosquare.FirstAPITest" name="validate_200_status" time="1.261"/>
  <testcase classname="com.unosquare.FirstAPITest" name="validate_200_status_Gherkin" time="0.677"/>
  <testcase classname="com.unosquare.FirstAPITest" name="validate_first_last_names" time="0.317"/>
</testsuite> <!-- Default test -->
