<?xml version="1.0" encoding="UTF-8"?>
<testng-results ignored="0" total="3" passed="3" failed="0" skipped="0">
  <reporter-output>
    <line>
      <![CDATA[Sucess 200 validation]]>
    </line>
    <line>
      <![CDATA[Sucess 200 validation]]>
    </line>
    <line>
      <![CDATA[{"data":{"id":2,"email":"janet.weaver@reqres.in","first_name":"Janet","last_name":"Weaver","avatar":"https://reqres.in/img/faces/2-image.jpg"},"support":{"url":"https://reqres.in/#support-heading","text":"To keep ReqRes free, contributions towards server costs are appreciated!"}}]]>
    </line>
  </reporter-output>
  <suite started-at="2022-10-25T15:49:07 CDT" name="Default suite" finished-at="2022-10-25T15:49:10 CDT" duration-ms="2290">
    <groups>
    </groups>
    <test started-at="2022-10-25T15:49:07 CDT" name="Default test" finished-at="2022-10-25T15:49:10 CDT" duration-ms="2290">
      <class name="com.unosquare.FirstAPITest">
        <test-method is-config="true" signature="beforeMethod()[pri:0, instance:com.unosquare.FirstAPITest@130161f7]" started-at="2022-10-25T15:49:07 CDT" name="beforeMethod" finished-at="2022-10-25T15:49:07 CDT" duration-ms="4" status="PASS">
          <reporter-output>
          </reporter-output>
        </test-method> <!-- beforeMethod -->
        <test-method signature="validate_200_status()[pri:0, instance:com.unosquare.FirstAPITest@130161f7]" started-at="2022-10-25T15:49:07 CDT" name="validate_200_status" finished-at="2022-10-25T15:49:09 CDT" duration-ms="1261" status="PASS">
          <reporter-output>
            <line>
              <![CDATA[Sucess 200 validation]]>
            </line>
          </reporter-output>
        </test-method> <!-- validate_200_status -->
        <test-method is-config="true" signature="beforeMethod()[pri:0, instance:com.unosquare.FirstAPITest@130161f7]" started-at="2022-10-25T15:49:09 CDT" name="beforeMethod" finished-at="2022-10-25T15:49:09 CDT" duration-ms="1" status="PASS">
          <reporter-output>
          </reporter-output>
        </test-method> <!-- beforeMethod -->
        <test-method signature="validate_200_status_Gherkin()[pri:0, instance:com.unosquare.FirstAPITest@130161f7]" started-at="2022-10-25T15:49:09 CDT" name="validate_200_status_Gherkin" finished-at="2022-10-25T15:49:09 CDT" duration-ms="677" status="PASS">
          <reporter-output>
            <line>
              <![CDATA[Sucess 200 validation]]>
            </line>
          </reporter-output>
        </test-method> <!-- validate_200_status_Gherkin -->
        <test-method signature="validate_first_last_names()[pri:0, instance:com.unosquare.FirstAPITest@130161f7]" started-at="2022-10-25T15:49:09 CDT" name="validate_first_last_names" finished-at="2022-10-25T15:49:10 CDT" duration-ms="317" status="PASS">
          <reporter-output>
            <line>
              <![CDATA[{"data":{"id":2,"email":"janet.weaver@reqres.in","first_name":"Janet","last_name":"Weaver","avatar":"https://reqres.in/img/faces/2-image.jpg"},"support":{"url":"https://reqres.in/#support-heading","text":"To keep ReqRes free, contributions towards server costs are appreciated!"}}]]>
            </line>
          </reporter-output>
        </test-method> <!-- validate_first_last_names -->
        <test-method is-config="true" signature="beforeMethod()[pri:0, instance:com.unosquare.FirstAPITest@130161f7]" started-at="2022-10-25T15:49:09 CDT" name="beforeMethod" finished-at="2022-10-25T15:49:09 CDT" duration-ms="0" status="PASS">
          <reporter-output>
          </reporter-output>
        </test-method> <!-- beforeMethod -->
      </class> <!-- com.unosquare.FirstAPITest -->
    </test> <!-- Default test -->
  </suite> <!-- Default suite -->
</testng-results>
