<?xml version="1.0" encoding="UTF-8"?>
<!-- Generated by org.testng.reporters.JUnitXMLReporter -->
<testsuite ignored="0" hostname="REM-LT-221010A" failures="0" tests="10" name="Test" time="5.406" errors="0" timestamp="2022-11-21T15:34:46 CST">
  <testcase classname="com.unosquare.requests.LoginTest" name="post_test_from_file2" time="1.55"/>
  <testcase classname="com.unosquare.requests.PostTest" name="post_user" time="0.471"/>
  <testcase classname="com.unosquare.requests.PostTest" name="post_user_from_file" time="0.428"/>
  <testcase classname="com.unosquare.requests.PostTest" name="post_user_from_file2" time="0.411"/>
  <testcase classname="com.unosquare.requests.FirstAPITest" name="validate_200_status" time="0.186"/>
  <testcase classname="com.unosquare.requests.FirstAPITest" name="validate_first_and_last_names" time="0.647"/>
  <testcase classname="com.unosquare.requests.FirstAPITest" name="validate_first_and_last_names_Gherkin" time="0.193"/>
  <testcase classname="com.unosquare.requests.UpdateUserTest" name="update_user_from_file" time="0.472"/>
  <testcase classname="com.unosquare.requests.FuchsiaRoseTest" name="validate_fuchsia_status_code_and_fields" time="0.45"/>
  <testcase classname="com.unosquare.requests.FuchsiaRoseTest" name="validate_fuchsia_status_code_and_fields_Gherkin" time="0.564"/>
</testsuite> <!-- Test -->
