<?xml version="1.0" encoding="UTF-8"?>
<!-- Generated by org.testng.reporters.JUnitXMLReporter -->
<testsuite ignored="0" hostname="REM-LT-221010A" failures="0" tests="10" name="Test" time="4.834" errors="0" timestamp="2022-10-28T12:42:21 CDT">
  <testcase classname="com.unosquare.requests.LoginTest" name="post_test_from_file2" time="1.468"/>
  <testcase classname="com.unosquare.requests.PostTest" name="post_user" time="0.388"/>
  <testcase classname="com.unosquare.requests.PostTest" name="post_user_from_file" time="0.387"/>
  <testcase classname="com.unosquare.requests.PostTest" name="post_user_from_file2" time="0.396"/>
  <testcase classname="com.unosquare.requests.FirstAPITest" name="validate_200_status" time="0.124"/>
  <testcase classname="com.unosquare.requests.FirstAPITest" name="validate_first_and_last_names" time="0.585"/>
  <testcase classname="com.unosquare.requests.FirstAPITest" name="validate_first_and_last_names_Gherkin" time="0.169"/>
  <testcase classname="com.unosquare.requests.UpdateUserTest" name="update_user_from_file" time="0.432"/>
  <testcase classname="com.unosquare.requests.FuchsiaRoseTest" name="validate_fuchsia_status_code_and_fields" time="0.421"/>
  <testcase classname="com.unosquare.requests.FuchsiaRoseTest" name="validate_fuchsia_status_code_and_fields_Gherkin" time="0.42"/>
</testsuite> <!-- Test -->
